Config file ./inputs/config.yaml is extended by additional config specified via the command line.
Building DAG of jobs...
Your conda installation is not configured to use strict channel priorities. This is however crucial for having robust and correct environments (for details, see https://conda-forge.org/docs/user/tipsandtricks.html). Please consider to configure strict priorities by executing 'conda config --set channel_priority strict'.
Using shell: /usr/bin/bash
Provided cores: 8
Rules claiming more threads will be scaled down.
Provided resources: mem_mb=64000, disk_mb=6710
Select jobs to execute...

[Mon Aug 29 16:21:03 2022]
Job 0: Removing PCR duplicates and unwanted chromosomes from /fs/project/PES0738/maxATAC_outputs/20220810_snakemake_test_run/outputs/SRX10475330/alignments/SRX10475330.fixmate.bam: 8 threads
Reason: Forced execution


        # use markdup to remove PCR duplicates
        samtools markdup -@ 8 -r -s /fs/project/PES0738/maxATAC_outputs/20220810_snakemake_test_run/outputs/SRX10475330/alignments/SRX10475330.fixmate.bam - 2> /fs/project/PES0738/maxATAC_outputs/20220810_snakemake_test_run/outputs/SRX10475330/logs/deduplicate/SRX10475330.deduplicate_bam |         samtools sort -@ 8 -o /fs/project/PES0738/maxATAC_outputs/20220810_snakemake_test_run/outputs/SRX10475330/alignments/SRX10475330.deduplicated.bam - 2> /fs/project/PES0738/maxATAC_outputs/20220810_snakemake_test_run/outputs/SRX10475330/logs/deduplicate/SRX10475330.deduplicate_bam

        samtools index -@ 8 /fs/project/PES0738/maxATAC_outputs/20220810_snakemake_test_run/outputs/SRX10475330/alignments/SRX10475330.deduplicated.bam 2> /fs/project/PES0738/maxATAC_outputs/20220810_snakemake_test_run/outputs/SRX10475330/logs/deduplicate/SRX10475330.deduplicate_bam
        
        # remove unmapped reads with -F 4
        samtools view -@ 8 -b -f 3 -F 4 /fs/project/PES0738/maxATAC_outputs/20220810_snakemake_test_run/outputs/SRX10475330/alignments/SRX10475330.deduplicated.bam chr1 chr2 chr3 chr4 chr5 chr6 chr7 chr8 chr9 chr10 chr11 chr12 chr13 chr14 chr15 chr16 chr17 chr18 chr19 chr20 chr21 chr22 |         samtools sort -@ 8 -o /fs/project/PES0738/maxATAC_outputs/20220810_snakemake_test_run/outputs/SRX10475330/alignments/SRX10475330.bam - 2> /fs/project/PES0738/maxATAC_outputs/20220810_snakemake_test_run/outputs/SRX10475330/logs/deduplicate/SRX10475330.deduplicate_bam
        
        samtools index -@ 8 /fs/project/PES0738/maxATAC_outputs/20220810_snakemake_test_run/outputs/SRX10475330/alignments/SRX10475330.bam 2> /fs/project/PES0738/maxATAC_outputs/20220810_snakemake_test_run/outputs/SRX10475330/logs/deduplicate/SRX10475330.deduplicate_bam

        
Activating conda environment: .snakemake/conda/154eb02199115d6193fde50310bb059a
[Mon Aug 29 16:26:25 2022]
Finished job 0.
1 of 1 steps (100%) done
