Config file ./inputs/config.yaml is extended by additional config specified via the command line.
Building DAG of jobs...
Your conda installation is not configured to use strict channel priorities. This is however crucial for having robust and correct environments (for details, see https://conda-forge.org/docs/user/tipsandtricks.html). Please consider to configure strict priorities by executing 'conda config --set channel_priority strict'.
Using shell: /usr/bin/bash
Provided cores: 12
Rules claiming more threads will be scaled down.
Provided resources: mem_mb=64000, disk_mb=1372
Select jobs to execute...

[Mon Aug 29 19:01:59 2022]
Job 0: call peaks /fs/project/PES0738/maxATAC_outputs/20220810_snakemake_test_run/outputs/SRX14223987/tags/SRX14223987_Tn5_slop20_blacklisted.bed.gz: 4 threads
Reason: Forced execution


        macs2 callpeak -t /fs/project/PES0738/maxATAC_outputs/20220810_snakemake_test_run/outputs/SRX14223987/tags/SRX14223987_Tn5_slop20_blacklisted.bed.gz --name SRX14223987_ext200_q01 -g hs --outdir /fs/project/PES0738/maxATAC_outputs/20220810_snakemake_test_run/outputs/SRX14223987/peaks --nomodel --shift -80 --extsize 200 --keep-dup=all -q 0.01 --SPMR
        
Activating conda environment: .snakemake/conda/0fe9a3ab3b2fffbf3123be07e9758025
INFO  @ Mon, 29 Aug 2022 19:02:05: 
# Command line: callpeak -t /fs/project/PES0738/maxATAC_outputs/20220810_snakemake_test_run/outputs/SRX14223987/tags/SRX14223987_Tn5_slop20_blacklisted.bed.gz --name SRX14223987_ext200_q01 -g hs --outdir /fs/project/PES0738/maxATAC_outputs/20220810_snakemake_test_run/outputs/SRX14223987/peaks --nomodel --shift -80 --extsize 200 --keep-dup=all -q 0.01 --SPMR
# ARGUMENTS LIST:
# name = SRX14223987_ext200_q01
# format = AUTO
# ChIP-seq file = ['/fs/project/PES0738/maxATAC_outputs/20220810_snakemake_test_run/outputs/SRX14223987/tags/SRX14223987_Tn5_slop20_blacklisted.bed.gz']
# control file = None
# effective genome size = 2.70e+09
# band width = 300
# model fold = [5, 50]
# qvalue cutoff = 1.00e-02
# The maximum gap between significant sites is assigned as the read length/tag size.
# The minimum length of peaks is assigned as the predicted fragment length "d".
# Larger dataset will be scaled towards smaller dataset.
# Range for calculating regional lambda is: 10000 bps
# Broad region calling is off
# Paired-End mode is off
 
INFO  @ Mon, 29 Aug 2022 19:02:05: #1 read tag files... 
INFO  @ Mon, 29 Aug 2022 19:02:05: #1 read treatment tags... 
INFO  @ Mon, 29 Aug 2022 19:02:05: Detected format is: BED 
INFO  @ Mon, 29 Aug 2022 19:02:05: * Input file is gzipped. 
INFO  @ Mon, 29 Aug 2022 19:02:06:  1000000 
INFO  @ Mon, 29 Aug 2022 19:02:07:  2000000 
INFO  @ Mon, 29 Aug 2022 19:02:08:  3000000 
INFO  @ Mon, 29 Aug 2022 19:02:09:  4000000 
INFO  @ Mon, 29 Aug 2022 19:02:10:  5000000 
INFO  @ Mon, 29 Aug 2022 19:02:11:  6000000 
INFO  @ Mon, 29 Aug 2022 19:02:12:  7000000 
INFO  @ Mon, 29 Aug 2022 19:02:13:  8000000 
INFO  @ Mon, 29 Aug 2022 19:02:14:  9000000 
INFO  @ Mon, 29 Aug 2022 19:02:15:  10000000 
INFO  @ Mon, 29 Aug 2022 19:02:16:  11000000 
INFO  @ Mon, 29 Aug 2022 19:02:17:  12000000 
INFO  @ Mon, 29 Aug 2022 19:02:18:  13000000 
INFO  @ Mon, 29 Aug 2022 19:02:19:  14000000 
INFO  @ Mon, 29 Aug 2022 19:02:20:  15000000 
INFO  @ Mon, 29 Aug 2022 19:02:21:  16000000 
INFO  @ Mon, 29 Aug 2022 19:02:23:  17000000 
INFO  @ Mon, 29 Aug 2022 19:02:24:  18000000 
INFO  @ Mon, 29 Aug 2022 19:02:25:  19000000 
INFO  @ Mon, 29 Aug 2022 19:02:26:  20000000 
INFO  @ Mon, 29 Aug 2022 19:02:27:  21000000 
INFO  @ Mon, 29 Aug 2022 19:02:28:  22000000 
INFO  @ Mon, 29 Aug 2022 19:02:29:  23000000 
INFO  @ Mon, 29 Aug 2022 19:02:30:  24000000 
INFO  @ Mon, 29 Aug 2022 19:02:31:  25000000 
INFO  @ Mon, 29 Aug 2022 19:02:32:  26000000 
INFO  @ Mon, 29 Aug 2022 19:02:33:  27000000 
INFO  @ Mon, 29 Aug 2022 19:02:34:  28000000 
INFO  @ Mon, 29 Aug 2022 19:02:35:  29000000 
INFO  @ Mon, 29 Aug 2022 19:02:36:  30000000 
INFO  @ Mon, 29 Aug 2022 19:02:37:  31000000 
INFO  @ Mon, 29 Aug 2022 19:02:38:  32000000 
INFO  @ Mon, 29 Aug 2022 19:02:39:  33000000 
INFO  @ Mon, 29 Aug 2022 19:02:40:  34000000 
INFO  @ Mon, 29 Aug 2022 19:02:41:  35000000 
INFO  @ Mon, 29 Aug 2022 19:02:42:  36000000 
INFO  @ Mon, 29 Aug 2022 19:02:43:  37000000 
INFO  @ Mon, 29 Aug 2022 19:02:44:  38000000 
INFO  @ Mon, 29 Aug 2022 19:02:45:  39000000 
INFO  @ Mon, 29 Aug 2022 19:02:46:  40000000 
INFO  @ Mon, 29 Aug 2022 19:02:47:  41000000 
INFO  @ Mon, 29 Aug 2022 19:02:48:  42000000 
INFO  @ Mon, 29 Aug 2022 19:02:49:  43000000 
INFO  @ Mon, 29 Aug 2022 19:02:50:  44000000 
INFO  @ Mon, 29 Aug 2022 19:02:51:  45000000 
INFO  @ Mon, 29 Aug 2022 19:02:52:  46000000 
INFO  @ Mon, 29 Aug 2022 19:02:54:  47000000 
INFO  @ Mon, 29 Aug 2022 19:02:55:  48000000 
INFO  @ Mon, 29 Aug 2022 19:02:56:  49000000 
INFO  @ Mon, 29 Aug 2022 19:02:57:  50000000 
INFO  @ Mon, 29 Aug 2022 19:02:58:  51000000 
INFO  @ Mon, 29 Aug 2022 19:02:59:  52000000 
INFO  @ Mon, 29 Aug 2022 19:03:00:  53000000 
INFO  @ Mon, 29 Aug 2022 19:03:01:  54000000 
INFO  @ Mon, 29 Aug 2022 19:03:02:  55000000 
INFO  @ Mon, 29 Aug 2022 19:03:03:  56000000 
INFO  @ Mon, 29 Aug 2022 19:03:04:  57000000 
INFO  @ Mon, 29 Aug 2022 19:03:05:  58000000 
INFO  @ Mon, 29 Aug 2022 19:03:06:  59000000 
INFO  @ Mon, 29 Aug 2022 19:03:07:  60000000 
INFO  @ Mon, 29 Aug 2022 19:03:08:  61000000 
INFO  @ Mon, 29 Aug 2022 19:03:09:  62000000 
INFO  @ Mon, 29 Aug 2022 19:03:10:  63000000 
INFO  @ Mon, 29 Aug 2022 19:03:11:  64000000 
INFO  @ Mon, 29 Aug 2022 19:03:12:  65000000 
INFO  @ Mon, 29 Aug 2022 19:03:13:  66000000 
INFO  @ Mon, 29 Aug 2022 19:03:14:  67000000 
INFO  @ Mon, 29 Aug 2022 19:03:15:  68000000 
INFO  @ Mon, 29 Aug 2022 19:03:16:  69000000 
INFO  @ Mon, 29 Aug 2022 19:03:17:  70000000 
INFO  @ Mon, 29 Aug 2022 19:03:18: #1 tag size is determined as 41 bps 
INFO  @ Mon, 29 Aug 2022 19:03:18: #1 tag size = 41.0 
INFO  @ Mon, 29 Aug 2022 19:03:18: #1  total tags in treatment: 70188954 
INFO  @ Mon, 29 Aug 2022 19:03:18: #1 finished! 
INFO  @ Mon, 29 Aug 2022 19:03:18: #2 Build Peak Model... 
INFO  @ Mon, 29 Aug 2022 19:03:18: #2 Skipped... 
INFO  @ Mon, 29 Aug 2022 19:03:18: #2 Use 200 as fragment length 
INFO  @ Mon, 29 Aug 2022 19:03:18: #2 Sequencing ends will be shifted towards 5' by 80 bp(s) 
INFO  @ Mon, 29 Aug 2022 19:03:18: #3 Call peaks... 
INFO  @ Mon, 29 Aug 2022 19:03:18: #3 Pre-compute pvalue-qvalue table... 
INFO  @ Mon, 29 Aug 2022 19:06:00: #3 Call peaks for each chromosome... 
INFO  @ Mon, 29 Aug 2022 19:07:25: #4 Write output xls file... /fs/project/PES0738/maxATAC_outputs/20220810_snakemake_test_run/outputs/SRX14223987/peaks/SRX14223987_ext200_q01_peaks.xls 
INFO  @ Mon, 29 Aug 2022 19:07:25: #4 Write peak in narrowPeak format file... /fs/project/PES0738/maxATAC_outputs/20220810_snakemake_test_run/outputs/SRX14223987/peaks/SRX14223987_ext200_q01_peaks.narrowPeak 
INFO  @ Mon, 29 Aug 2022 19:07:26: #4 Write summits bed file... /fs/project/PES0738/maxATAC_outputs/20220810_snakemake_test_run/outputs/SRX14223987/peaks/SRX14223987_ext200_q01_summits.bed 
INFO  @ Mon, 29 Aug 2022 19:07:26: Done! 
[Mon Aug 29 19:07:26 2022]
Finished job 0.
1 of 1 steps (100%) done
