Config file ./inputs/config.yaml is extended by additional config specified via the command line.
Building DAG of jobs...
Your conda installation is not configured to use strict channel priorities. This is however crucial for having robust and correct environments (for details, see https://conda-forge.org/docs/user/tipsandtricks.html). Please consider to configure strict priorities by executing 'conda config --set channel_priority strict'.
Using shell: /usr/bin/bash
Provided cores: 12
Rules claiming more threads will be scaled down.
Provided resources: mem_mb=64000, disk_mb=1000
Select jobs to execute...

[Mon Aug 29 16:50:39 2022]
Job 0: call peaks /fs/project/PES0738/maxATAC_outputs/20220810_snakemake_test_run/outputs/SRX10475677/tags/SRX10475677_Tn5_slop20_blacklisted.bed.gz: 4 threads
Reason: Forced execution


        macs2 callpeak -t /fs/project/PES0738/maxATAC_outputs/20220810_snakemake_test_run/outputs/SRX10475677/tags/SRX10475677_Tn5_slop20_blacklisted.bed.gz --name SRX10475677_ext200_q05 -g hs --outdir /fs/project/PES0738/maxATAC_outputs/20220810_snakemake_test_run/outputs/SRX10475677/peaks --nomodel --shift -80 --extsize 200 --keep-dup=all -q 0.05 --SPMR
        
Activating conda environment: .snakemake/conda/0fe9a3ab3b2fffbf3123be07e9758025
INFO  @ Mon, 29 Aug 2022 16:50:43: 
# Command line: callpeak -t /fs/project/PES0738/maxATAC_outputs/20220810_snakemake_test_run/outputs/SRX10475677/tags/SRX10475677_Tn5_slop20_blacklisted.bed.gz --name SRX10475677_ext200_q05 -g hs --outdir /fs/project/PES0738/maxATAC_outputs/20220810_snakemake_test_run/outputs/SRX10475677/peaks --nomodel --shift -80 --extsize 200 --keep-dup=all -q 0.05 --SPMR
# ARGUMENTS LIST:
# name = SRX10475677_ext200_q05
# format = AUTO
# ChIP-seq file = ['/fs/project/PES0738/maxATAC_outputs/20220810_snakemake_test_run/outputs/SRX10475677/tags/SRX10475677_Tn5_slop20_blacklisted.bed.gz']
# control file = None
# effective genome size = 2.70e+09
# band width = 300
# model fold = [5, 50]
# qvalue cutoff = 5.00e-02
# The maximum gap between significant sites is assigned as the read length/tag size.
# The minimum length of peaks is assigned as the predicted fragment length "d".
# Larger dataset will be scaled towards smaller dataset.
# Range for calculating regional lambda is: 10000 bps
# Broad region calling is off
# Paired-End mode is off
 
INFO  @ Mon, 29 Aug 2022 16:50:43: #1 read tag files... 
INFO  @ Mon, 29 Aug 2022 16:50:43: #1 read treatment tags... 
INFO  @ Mon, 29 Aug 2022 16:50:43: Detected format is: BED 
INFO  @ Mon, 29 Aug 2022 16:50:43: * Input file is gzipped. 
INFO  @ Mon, 29 Aug 2022 16:50:44:  1000000 
INFO  @ Mon, 29 Aug 2022 16:50:45:  2000000 
INFO  @ Mon, 29 Aug 2022 16:50:46:  3000000 
INFO  @ Mon, 29 Aug 2022 16:50:47:  4000000 
INFO  @ Mon, 29 Aug 2022 16:50:48:  5000000 
INFO  @ Mon, 29 Aug 2022 16:50:49:  6000000 
INFO  @ Mon, 29 Aug 2022 16:50:51:  7000000 
INFO  @ Mon, 29 Aug 2022 16:50:52:  8000000 
INFO  @ Mon, 29 Aug 2022 16:50:53:  9000000 
INFO  @ Mon, 29 Aug 2022 16:50:54:  10000000 
INFO  @ Mon, 29 Aug 2022 16:50:55:  11000000 
INFO  @ Mon, 29 Aug 2022 16:50:56:  12000000 
INFO  @ Mon, 29 Aug 2022 16:50:57:  13000000 
INFO  @ Mon, 29 Aug 2022 16:50:59:  14000000 
INFO  @ Mon, 29 Aug 2022 16:51:00:  15000000 
INFO  @ Mon, 29 Aug 2022 16:51:01:  16000000 
INFO  @ Mon, 29 Aug 2022 16:51:02:  17000000 
INFO  @ Mon, 29 Aug 2022 16:51:03:  18000000 
INFO  @ Mon, 29 Aug 2022 16:51:04:  19000000 
INFO  @ Mon, 29 Aug 2022 16:51:05:  20000000 
INFO  @ Mon, 29 Aug 2022 16:51:06:  21000000 
INFO  @ Mon, 29 Aug 2022 16:51:08:  22000000 
INFO  @ Mon, 29 Aug 2022 16:51:09:  23000000 
INFO  @ Mon, 29 Aug 2022 16:51:10:  24000000 
INFO  @ Mon, 29 Aug 2022 16:51:11:  25000000 
INFO  @ Mon, 29 Aug 2022 16:51:12:  26000000 
INFO  @ Mon, 29 Aug 2022 16:51:13:  27000000 
INFO  @ Mon, 29 Aug 2022 16:51:14:  28000000 
INFO  @ Mon, 29 Aug 2022 16:51:15:  29000000 
INFO  @ Mon, 29 Aug 2022 16:51:17:  30000000 
INFO  @ Mon, 29 Aug 2022 16:51:18:  31000000 
INFO  @ Mon, 29 Aug 2022 16:51:19:  32000000 
INFO  @ Mon, 29 Aug 2022 16:51:20:  33000000 
INFO  @ Mon, 29 Aug 2022 16:51:21:  34000000 
INFO  @ Mon, 29 Aug 2022 16:51:22:  35000000 
INFO  @ Mon, 29 Aug 2022 16:51:23:  36000000 
INFO  @ Mon, 29 Aug 2022 16:51:24:  37000000 
INFO  @ Mon, 29 Aug 2022 16:51:25:  38000000 
INFO  @ Mon, 29 Aug 2022 16:51:27:  39000000 
INFO  @ Mon, 29 Aug 2022 16:51:28:  40000000 
INFO  @ Mon, 29 Aug 2022 16:51:29:  41000000 
INFO  @ Mon, 29 Aug 2022 16:51:30:  42000000 
INFO  @ Mon, 29 Aug 2022 16:51:31:  43000000 
INFO  @ Mon, 29 Aug 2022 16:51:32:  44000000 
INFO  @ Mon, 29 Aug 2022 16:51:34:  45000000 
INFO  @ Mon, 29 Aug 2022 16:51:35: #1 tag size is determined as 41 bps 
INFO  @ Mon, 29 Aug 2022 16:51:35: #1 tag size = 41.0 
INFO  @ Mon, 29 Aug 2022 16:51:35: #1  total tags in treatment: 45532543 
INFO  @ Mon, 29 Aug 2022 16:51:35: #1 finished! 
INFO  @ Mon, 29 Aug 2022 16:51:35: #2 Build Peak Model... 
INFO  @ Mon, 29 Aug 2022 16:51:35: #2 Skipped... 
INFO  @ Mon, 29 Aug 2022 16:51:35: #2 Use 200 as fragment length 
INFO  @ Mon, 29 Aug 2022 16:51:35: #2 Sequencing ends will be shifted towards 5' by 80 bp(s) 
INFO  @ Mon, 29 Aug 2022 16:51:35: #3 Call peaks... 
INFO  @ Mon, 29 Aug 2022 16:51:35: #3 Pre-compute pvalue-qvalue table... 
INFO  @ Mon, 29 Aug 2022 16:53:31: #3 Call peaks for each chromosome... 
INFO  @ Mon, 29 Aug 2022 16:54:26: #4 Write output xls file... /fs/project/PES0738/maxATAC_outputs/20220810_snakemake_test_run/outputs/SRX10475677/peaks/SRX10475677_ext200_q05_peaks.xls 
INFO  @ Mon, 29 Aug 2022 16:54:27: #4 Write peak in narrowPeak format file... /fs/project/PES0738/maxATAC_outputs/20220810_snakemake_test_run/outputs/SRX10475677/peaks/SRX10475677_ext200_q05_peaks.narrowPeak 
INFO  @ Mon, 29 Aug 2022 16:54:27: #4 Write summits bed file... /fs/project/PES0738/maxATAC_outputs/20220810_snakemake_test_run/outputs/SRX10475677/peaks/SRX10475677_ext200_q05_summits.bed 
INFO  @ Mon, 29 Aug 2022 16:54:27: Done! 
[Mon Aug 29 16:54:27 2022]
Finished job 0.
1 of 1 steps (100%) done
