Config file ./inputs/config.yaml is extended by additional config specified via the command line.
Building DAG of jobs...
Your conda installation is not configured to use strict channel priorities. This is however crucial for having robust and correct environments (for details, see https://conda-forge.org/docs/user/tipsandtricks.html). Please consider to configure strict priorities by executing 'conda config --set channel_priority strict'.
Using shell: /usr/bin/bash
Provided cores: 12
Rules claiming more threads will be scaled down.
Provided resources: mem_mb=64000, disk_mb=1000
Select jobs to execute...

[Mon Aug 29 16:57:12 2022]
Job 0: call peaks /fs/project/PES0738/maxATAC_outputs/20220810_snakemake_test_run/outputs/SRX9633377/tags/SRX9633377_Tn5_slop20_blacklisted.bed.gz: 4 threads
Reason: Forced execution


        macs2 callpeak -t /fs/project/PES0738/maxATAC_outputs/20220810_snakemake_test_run/outputs/SRX9633377/tags/SRX9633377_Tn5_slop20_blacklisted.bed.gz --name SRX9633377_ext40_q05 -g hs --outdir /fs/project/PES0738/maxATAC_outputs/20220810_snakemake_test_run/outputs/SRX9633377/peaks --nomodel --shift -0 --extsize 40 --keep-dup=all -q 0.05 --SPMR
        
Activating conda environment: .snakemake/conda/0fe9a3ab3b2fffbf3123be07e9758025
INFO  @ Mon, 29 Aug 2022 16:57:16: 
# Command line: callpeak -t /fs/project/PES0738/maxATAC_outputs/20220810_snakemake_test_run/outputs/SRX9633377/tags/SRX9633377_Tn5_slop20_blacklisted.bed.gz --name SRX9633377_ext40_q05 -g hs --outdir /fs/project/PES0738/maxATAC_outputs/20220810_snakemake_test_run/outputs/SRX9633377/peaks --nomodel --shift -0 --extsize 40 --keep-dup=all -q 0.05 --SPMR
# ARGUMENTS LIST:
# name = SRX9633377_ext40_q05
# format = AUTO
# ChIP-seq file = ['/fs/project/PES0738/maxATAC_outputs/20220810_snakemake_test_run/outputs/SRX9633377/tags/SRX9633377_Tn5_slop20_blacklisted.bed.gz']
# control file = None
# effective genome size = 2.70e+09
# band width = 300
# model fold = [5, 50]
# qvalue cutoff = 5.00e-02
# The maximum gap between significant sites is assigned as the read length/tag size.
# The minimum length of peaks is assigned as the predicted fragment length "d".
# Larger dataset will be scaled towards smaller dataset.
# Range for calculating regional lambda is: 10000 bps
# Broad region calling is off
# Paired-End mode is off
 
INFO  @ Mon, 29 Aug 2022 16:57:16: #1 read tag files... 
INFO  @ Mon, 29 Aug 2022 16:57:16: #1 read treatment tags... 
INFO  @ Mon, 29 Aug 2022 16:57:16: Detected format is: BED 
INFO  @ Mon, 29 Aug 2022 16:57:16: * Input file is gzipped. 
INFO  @ Mon, 29 Aug 2022 16:57:17:  1000000 
INFO  @ Mon, 29 Aug 2022 16:57:18:  2000000 
INFO  @ Mon, 29 Aug 2022 16:57:19:  3000000 
INFO  @ Mon, 29 Aug 2022 16:57:20:  4000000 
INFO  @ Mon, 29 Aug 2022 16:57:21:  5000000 
INFO  @ Mon, 29 Aug 2022 16:57:22:  6000000 
INFO  @ Mon, 29 Aug 2022 16:57:23:  7000000 
INFO  @ Mon, 29 Aug 2022 16:57:24:  8000000 
INFO  @ Mon, 29 Aug 2022 16:57:25:  9000000 
INFO  @ Mon, 29 Aug 2022 16:57:26:  10000000 
INFO  @ Mon, 29 Aug 2022 16:57:27:  11000000 
INFO  @ Mon, 29 Aug 2022 16:57:28:  12000000 
INFO  @ Mon, 29 Aug 2022 16:57:29: #1 tag size is determined as 41 bps 
INFO  @ Mon, 29 Aug 2022 16:57:29: #1 tag size = 41.0 
INFO  @ Mon, 29 Aug 2022 16:57:29: #1  total tags in treatment: 12397953 
INFO  @ Mon, 29 Aug 2022 16:57:29: #1 finished! 
INFO  @ Mon, 29 Aug 2022 16:57:29: #2 Build Peak Model... 
INFO  @ Mon, 29 Aug 2022 16:57:29: #2 Skipped... 
INFO  @ Mon, 29 Aug 2022 16:57:29: #2 Use 40 as fragment length 
INFO  @ Mon, 29 Aug 2022 16:57:29: #3 Call peaks... 
INFO  @ Mon, 29 Aug 2022 16:57:29: #3 Pre-compute pvalue-qvalue table... 
INFO  @ Mon, 29 Aug 2022 16:57:54: #3 Call peaks for each chromosome... 
INFO  @ Mon, 29 Aug 2022 16:58:09: #4 Write output xls file... /fs/project/PES0738/maxATAC_outputs/20220810_snakemake_test_run/outputs/SRX9633377/peaks/SRX9633377_ext40_q05_peaks.xls 
INFO  @ Mon, 29 Aug 2022 16:58:09: #4 Write peak in narrowPeak format file... /fs/project/PES0738/maxATAC_outputs/20220810_snakemake_test_run/outputs/SRX9633377/peaks/SRX9633377_ext40_q05_peaks.narrowPeak 
INFO  @ Mon, 29 Aug 2022 16:58:09: #4 Write summits bed file... /fs/project/PES0738/maxATAC_outputs/20220810_snakemake_test_run/outputs/SRX9633377/peaks/SRX9633377_ext40_q05_summits.bed 
INFO  @ Mon, 29 Aug 2022 16:58:09: Done! 
[Mon Aug 29 16:58:10 2022]
Finished job 0.
1 of 1 steps (100%) done
