Config file ./inputs/config.yaml is extended by additional config specified via the command line.
Building DAG of jobs...
Your conda installation is not configured to use strict channel priorities. This is however crucial for having robust and correct environments (for details, see https://conda-forge.org/docs/user/tipsandtricks.html). Please consider to configure strict priorities by executing 'conda config --set channel_priority strict'.
Using shell: /usr/bin/bash
Provided cores: 12
Rules claiming more threads will be scaled down.
Provided resources: mem_mb=64000, disk_mb=3835
Select jobs to execute...

[Mon Aug 29 22:24:51 2022]
Job 0: call peaks /fs/project/PES0738/maxATAC_outputs/20220810_snakemake_test_run/outputs/SRX10475733/tags/SRX10475733_Tn5_slop20_blacklisted.bed.gz: 4 threads
Reason: Forced execution


        macs2 callpeak -t /fs/project/PES0738/maxATAC_outputs/20220810_snakemake_test_run/outputs/SRX10475733/tags/SRX10475733_Tn5_slop20_blacklisted.bed.gz --name SRX10475733_ext200_q05 -g hs --outdir /fs/project/PES0738/maxATAC_outputs/20220810_snakemake_test_run/outputs/SRX10475733/peaks --nomodel --shift -80 --extsize 200 --keep-dup=all -q 0.05 --SPMR
        
Activating conda environment: .snakemake/conda/0fe9a3ab3b2fffbf3123be07e9758025
INFO  @ Mon, 29 Aug 2022 22:24:56: 
# Command line: callpeak -t /fs/project/PES0738/maxATAC_outputs/20220810_snakemake_test_run/outputs/SRX10475733/tags/SRX10475733_Tn5_slop20_blacklisted.bed.gz --name SRX10475733_ext200_q05 -g hs --outdir /fs/project/PES0738/maxATAC_outputs/20220810_snakemake_test_run/outputs/SRX10475733/peaks --nomodel --shift -80 --extsize 200 --keep-dup=all -q 0.05 --SPMR
# ARGUMENTS LIST:
# name = SRX10475733_ext200_q05
# format = AUTO
# ChIP-seq file = ['/fs/project/PES0738/maxATAC_outputs/20220810_snakemake_test_run/outputs/SRX10475733/tags/SRX10475733_Tn5_slop20_blacklisted.bed.gz']
# control file = None
# effective genome size = 2.70e+09
# band width = 300
# model fold = [5, 50]
# qvalue cutoff = 5.00e-02
# The maximum gap between significant sites is assigned as the read length/tag size.
# The minimum length of peaks is assigned as the predicted fragment length "d".
# Larger dataset will be scaled towards smaller dataset.
# Range for calculating regional lambda is: 10000 bps
# Broad region calling is off
# Paired-End mode is off
 
INFO  @ Mon, 29 Aug 2022 22:24:56: #1 read tag files... 
INFO  @ Mon, 29 Aug 2022 22:24:56: #1 read treatment tags... 
INFO  @ Mon, 29 Aug 2022 22:24:56: Detected format is: BED 
INFO  @ Mon, 29 Aug 2022 22:24:56: * Input file is gzipped. 
INFO  @ Mon, 29 Aug 2022 22:24:57:  1000000 
INFO  @ Mon, 29 Aug 2022 22:24:58:  2000000 
INFO  @ Mon, 29 Aug 2022 22:24:59:  3000000 
INFO  @ Mon, 29 Aug 2022 22:25:00:  4000000 
INFO  @ Mon, 29 Aug 2022 22:25:01:  5000000 
INFO  @ Mon, 29 Aug 2022 22:25:02:  6000000 
INFO  @ Mon, 29 Aug 2022 22:25:03:  7000000 
INFO  @ Mon, 29 Aug 2022 22:25:04:  8000000 
INFO  @ Mon, 29 Aug 2022 22:25:05:  9000000 
INFO  @ Mon, 29 Aug 2022 22:25:06:  10000000 
INFO  @ Mon, 29 Aug 2022 22:25:07:  11000000 
INFO  @ Mon, 29 Aug 2022 22:25:08:  12000000 
INFO  @ Mon, 29 Aug 2022 22:25:09:  13000000 
INFO  @ Mon, 29 Aug 2022 22:25:10:  14000000 
INFO  @ Mon, 29 Aug 2022 22:25:11:  15000000 
INFO  @ Mon, 29 Aug 2022 22:25:12:  16000000 
INFO  @ Mon, 29 Aug 2022 22:25:13:  17000000 
INFO  @ Mon, 29 Aug 2022 22:25:14:  18000000 
INFO  @ Mon, 29 Aug 2022 22:25:15:  19000000 
INFO  @ Mon, 29 Aug 2022 22:25:16:  20000000 
INFO  @ Mon, 29 Aug 2022 22:25:17:  21000000 
INFO  @ Mon, 29 Aug 2022 22:25:18:  22000000 
INFO  @ Mon, 29 Aug 2022 22:25:19:  23000000 
INFO  @ Mon, 29 Aug 2022 22:25:20:  24000000 
INFO  @ Mon, 29 Aug 2022 22:25:21:  25000000 
INFO  @ Mon, 29 Aug 2022 22:25:22:  26000000 
INFO  @ Mon, 29 Aug 2022 22:25:23:  27000000 
INFO  @ Mon, 29 Aug 2022 22:25:24:  28000000 
INFO  @ Mon, 29 Aug 2022 22:25:25:  29000000 
INFO  @ Mon, 29 Aug 2022 22:25:26:  30000000 
INFO  @ Mon, 29 Aug 2022 22:25:27:  31000000 
INFO  @ Mon, 29 Aug 2022 22:25:28:  32000000 
INFO  @ Mon, 29 Aug 2022 22:25:29:  33000000 
INFO  @ Mon, 29 Aug 2022 22:25:30:  34000000 
INFO  @ Mon, 29 Aug 2022 22:25:31:  35000000 
INFO  @ Mon, 29 Aug 2022 22:25:32:  36000000 
INFO  @ Mon, 29 Aug 2022 22:25:33:  37000000 
INFO  @ Mon, 29 Aug 2022 22:25:34:  38000000 
INFO  @ Mon, 29 Aug 2022 22:25:35:  39000000 
INFO  @ Mon, 29 Aug 2022 22:25:36:  40000000 
INFO  @ Mon, 29 Aug 2022 22:25:36:  41000000 
INFO  @ Mon, 29 Aug 2022 22:25:37:  42000000 
INFO  @ Mon, 29 Aug 2022 22:25:38:  43000000 
INFO  @ Mon, 29 Aug 2022 22:25:39:  44000000 
INFO  @ Mon, 29 Aug 2022 22:25:40:  45000000 
INFO  @ Mon, 29 Aug 2022 22:25:41:  46000000 
INFO  @ Mon, 29 Aug 2022 22:25:42:  47000000 
INFO  @ Mon, 29 Aug 2022 22:25:43:  48000000 
INFO  @ Mon, 29 Aug 2022 22:25:44:  49000000 
INFO  @ Mon, 29 Aug 2022 22:25:45:  50000000 
INFO  @ Mon, 29 Aug 2022 22:25:46:  51000000 
INFO  @ Mon, 29 Aug 2022 22:25:47:  52000000 
INFO  @ Mon, 29 Aug 2022 22:25:48:  53000000 
INFO  @ Mon, 29 Aug 2022 22:25:49:  54000000 
INFO  @ Mon, 29 Aug 2022 22:25:50:  55000000 
INFO  @ Mon, 29 Aug 2022 22:25:51:  56000000 
INFO  @ Mon, 29 Aug 2022 22:25:52:  57000000 
INFO  @ Mon, 29 Aug 2022 22:25:53:  58000000 
INFO  @ Mon, 29 Aug 2022 22:25:54:  59000000 
INFO  @ Mon, 29 Aug 2022 22:25:55:  60000000 
INFO  @ Mon, 29 Aug 2022 22:25:56:  61000000 
INFO  @ Mon, 29 Aug 2022 22:25:57:  62000000 
INFO  @ Mon, 29 Aug 2022 22:25:58:  63000000 
INFO  @ Mon, 29 Aug 2022 22:25:59:  64000000 
INFO  @ Mon, 29 Aug 2022 22:26:00:  65000000 
INFO  @ Mon, 29 Aug 2022 22:26:01:  66000000 
INFO  @ Mon, 29 Aug 2022 22:26:02:  67000000 
INFO  @ Mon, 29 Aug 2022 22:26:03:  68000000 
INFO  @ Mon, 29 Aug 2022 22:26:04:  69000000 
INFO  @ Mon, 29 Aug 2022 22:26:05:  70000000 
INFO  @ Mon, 29 Aug 2022 22:26:06:  71000000 
INFO  @ Mon, 29 Aug 2022 22:26:07:  72000000 
INFO  @ Mon, 29 Aug 2022 22:26:08:  73000000 
INFO  @ Mon, 29 Aug 2022 22:26:09:  74000000 
INFO  @ Mon, 29 Aug 2022 22:26:10:  75000000 
INFO  @ Mon, 29 Aug 2022 22:26:11:  76000000 
INFO  @ Mon, 29 Aug 2022 22:26:12:  77000000 
INFO  @ Mon, 29 Aug 2022 22:26:13:  78000000 
INFO  @ Mon, 29 Aug 2022 22:26:14:  79000000 
INFO  @ Mon, 29 Aug 2022 22:26:15:  80000000 
INFO  @ Mon, 29 Aug 2022 22:26:16:  81000000 
INFO  @ Mon, 29 Aug 2022 22:26:17:  82000000 
INFO  @ Mon, 29 Aug 2022 22:26:18:  83000000 
INFO  @ Mon, 29 Aug 2022 22:26:19:  84000000 
INFO  @ Mon, 29 Aug 2022 22:26:20:  85000000 
INFO  @ Mon, 29 Aug 2022 22:26:21:  86000000 
INFO  @ Mon, 29 Aug 2022 22:26:22:  87000000 
INFO  @ Mon, 29 Aug 2022 22:26:23:  88000000 
INFO  @ Mon, 29 Aug 2022 22:26:24:  89000000 
INFO  @ Mon, 29 Aug 2022 22:26:24:  90000000 
INFO  @ Mon, 29 Aug 2022 22:26:25:  91000000 
INFO  @ Mon, 29 Aug 2022 22:26:26:  92000000 
INFO  @ Mon, 29 Aug 2022 22:26:27:  93000000 
INFO  @ Mon, 29 Aug 2022 22:26:28:  94000000 
INFO  @ Mon, 29 Aug 2022 22:26:29:  95000000 
INFO  @ Mon, 29 Aug 2022 22:26:30:  96000000 
INFO  @ Mon, 29 Aug 2022 22:26:31:  97000000 
INFO  @ Mon, 29 Aug 2022 22:26:32:  98000000 
INFO  @ Mon, 29 Aug 2022 22:26:33:  99000000 
INFO  @ Mon, 29 Aug 2022 22:26:34:  100000000 
INFO  @ Mon, 29 Aug 2022 22:26:35:  101000000 
INFO  @ Mon, 29 Aug 2022 22:26:36:  102000000 
INFO  @ Mon, 29 Aug 2022 22:26:37:  103000000 
INFO  @ Mon, 29 Aug 2022 22:26:38:  104000000 
INFO  @ Mon, 29 Aug 2022 22:26:39:  105000000 
INFO  @ Mon, 29 Aug 2022 22:26:40:  106000000 
INFO  @ Mon, 29 Aug 2022 22:26:41:  107000000 
INFO  @ Mon, 29 Aug 2022 22:26:42:  108000000 
INFO  @ Mon, 29 Aug 2022 22:26:43:  109000000 
INFO  @ Mon, 29 Aug 2022 22:26:44:  110000000 
INFO  @ Mon, 29 Aug 2022 22:26:45:  111000000 
INFO  @ Mon, 29 Aug 2022 22:26:46:  112000000 
INFO  @ Mon, 29 Aug 2022 22:26:47:  113000000 
INFO  @ Mon, 29 Aug 2022 22:26:48:  114000000 
INFO  @ Mon, 29 Aug 2022 22:26:49:  115000000 
INFO  @ Mon, 29 Aug 2022 22:26:50:  116000000 
INFO  @ Mon, 29 Aug 2022 22:26:51:  117000000 
INFO  @ Mon, 29 Aug 2022 22:26:52:  118000000 
INFO  @ Mon, 29 Aug 2022 22:26:53:  119000000 
INFO  @ Mon, 29 Aug 2022 22:26:54:  120000000 
INFO  @ Mon, 29 Aug 2022 22:26:55:  121000000 
INFO  @ Mon, 29 Aug 2022 22:26:56:  122000000 
INFO  @ Mon, 29 Aug 2022 22:26:57:  123000000 
INFO  @ Mon, 29 Aug 2022 22:26:58:  124000000 
INFO  @ Mon, 29 Aug 2022 22:26:59:  125000000 
INFO  @ Mon, 29 Aug 2022 22:27:00:  126000000 
INFO  @ Mon, 29 Aug 2022 22:27:01:  127000000 
INFO  @ Mon, 29 Aug 2022 22:27:02:  128000000 
INFO  @ Mon, 29 Aug 2022 22:27:03:  129000000 
INFO  @ Mon, 29 Aug 2022 22:27:04:  130000000 
INFO  @ Mon, 29 Aug 2022 22:27:05:  131000000 
INFO  @ Mon, 29 Aug 2022 22:27:06:  132000000 
INFO  @ Mon, 29 Aug 2022 22:27:07:  133000000 
INFO  @ Mon, 29 Aug 2022 22:27:08:  134000000 
INFO  @ Mon, 29 Aug 2022 22:27:09:  135000000 
INFO  @ Mon, 29 Aug 2022 22:27:10:  136000000 
INFO  @ Mon, 29 Aug 2022 22:27:11:  137000000 
INFO  @ Mon, 29 Aug 2022 22:27:12:  138000000 
INFO  @ Mon, 29 Aug 2022 22:27:13:  139000000 
INFO  @ Mon, 29 Aug 2022 22:27:14:  140000000 
INFO  @ Mon, 29 Aug 2022 22:27:15:  141000000 
INFO  @ Mon, 29 Aug 2022 22:27:16:  142000000 
INFO  @ Mon, 29 Aug 2022 22:27:17:  143000000 
INFO  @ Mon, 29 Aug 2022 22:27:18:  144000000 
INFO  @ Mon, 29 Aug 2022 22:27:19:  145000000 
INFO  @ Mon, 29 Aug 2022 22:27:20:  146000000 
INFO  @ Mon, 29 Aug 2022 22:27:21:  147000000 
INFO  @ Mon, 29 Aug 2022 22:27:22:  148000000 
INFO  @ Mon, 29 Aug 2022 22:27:23:  149000000 
INFO  @ Mon, 29 Aug 2022 22:27:24:  150000000 
INFO  @ Mon, 29 Aug 2022 22:27:25:  151000000 
INFO  @ Mon, 29 Aug 2022 22:27:26:  152000000 
INFO  @ Mon, 29 Aug 2022 22:27:27:  153000000 
INFO  @ Mon, 29 Aug 2022 22:27:28:  154000000 
INFO  @ Mon, 29 Aug 2022 22:27:29:  155000000 
INFO  @ Mon, 29 Aug 2022 22:27:30:  156000000 
INFO  @ Mon, 29 Aug 2022 22:27:31:  157000000 
INFO  @ Mon, 29 Aug 2022 22:27:32:  158000000 
INFO  @ Mon, 29 Aug 2022 22:27:33:  159000000 
INFO  @ Mon, 29 Aug 2022 22:27:34:  160000000 
INFO  @ Mon, 29 Aug 2022 22:27:35:  161000000 
INFO  @ Mon, 29 Aug 2022 22:27:36:  162000000 
INFO  @ Mon, 29 Aug 2022 22:27:37:  163000000 
INFO  @ Mon, 29 Aug 2022 22:27:38:  164000000 
INFO  @ Mon, 29 Aug 2022 22:27:39:  165000000 
INFO  @ Mon, 29 Aug 2022 22:27:40:  166000000 
INFO  @ Mon, 29 Aug 2022 22:27:41:  167000000 
INFO  @ Mon, 29 Aug 2022 22:27:42:  168000000 
INFO  @ Mon, 29 Aug 2022 22:27:43:  169000000 
INFO  @ Mon, 29 Aug 2022 22:27:44:  170000000 
INFO  @ Mon, 29 Aug 2022 22:27:45:  171000000 
INFO  @ Mon, 29 Aug 2022 22:27:46:  172000000 
INFO  @ Mon, 29 Aug 2022 22:27:47:  173000000 
INFO  @ Mon, 29 Aug 2022 22:27:48:  174000000 
INFO  @ Mon, 29 Aug 2022 22:27:49:  175000000 
INFO  @ Mon, 29 Aug 2022 22:27:50:  176000000 
INFO  @ Mon, 29 Aug 2022 22:27:51:  177000000 
INFO  @ Mon, 29 Aug 2022 22:27:52:  178000000 
INFO  @ Mon, 29 Aug 2022 22:27:53:  179000000 
INFO  @ Mon, 29 Aug 2022 22:27:54:  180000000 
INFO  @ Mon, 29 Aug 2022 22:27:55:  181000000 
INFO  @ Mon, 29 Aug 2022 22:27:56:  182000000 
INFO  @ Mon, 29 Aug 2022 22:27:57:  183000000 
INFO  @ Mon, 29 Aug 2022 22:27:58:  184000000 
INFO  @ Mon, 29 Aug 2022 22:27:59:  185000000 
INFO  @ Mon, 29 Aug 2022 22:28:00:  186000000 
INFO  @ Mon, 29 Aug 2022 22:28:01:  187000000 
INFO  @ Mon, 29 Aug 2022 22:28:02:  188000000 
INFO  @ Mon, 29 Aug 2022 22:28:03:  189000000 
INFO  @ Mon, 29 Aug 2022 22:28:04:  190000000 
INFO  @ Mon, 29 Aug 2022 22:28:05:  191000000 
INFO  @ Mon, 29 Aug 2022 22:28:06:  192000000 
INFO  @ Mon, 29 Aug 2022 22:28:07:  193000000 
INFO  @ Mon, 29 Aug 2022 22:28:08:  194000000 
INFO  @ Mon, 29 Aug 2022 22:28:09:  195000000 
INFO  @ Mon, 29 Aug 2022 22:28:10:  196000000 
INFO  @ Mon, 29 Aug 2022 22:28:11:  197000000 
INFO  @ Mon, 29 Aug 2022 22:28:12:  198000000 
INFO  @ Mon, 29 Aug 2022 22:28:13:  199000000 
INFO  @ Mon, 29 Aug 2022 22:28:14:  200000000 
INFO  @ Mon, 29 Aug 2022 22:28:15:  201000000 
INFO  @ Mon, 29 Aug 2022 22:28:16:  202000000 
INFO  @ Mon, 29 Aug 2022 22:28:17:  203000000 
INFO  @ Mon, 29 Aug 2022 22:28:17:  204000000 
INFO  @ Mon, 29 Aug 2022 22:28:18:  205000000 
INFO  @ Mon, 29 Aug 2022 22:28:19:  206000000 
INFO  @ Mon, 29 Aug 2022 22:28:20:  207000000 
INFO  @ Mon, 29 Aug 2022 22:28:21:  208000000 
INFO  @ Mon, 29 Aug 2022 22:28:22:  209000000 
INFO  @ Mon, 29 Aug 2022 22:28:26: #1 tag size is determined as 41 bps 
INFO  @ Mon, 29 Aug 2022 22:28:26: #1 tag size = 41.0 
INFO  @ Mon, 29 Aug 2022 22:28:26: #1  total tags in treatment: 209052148 
INFO  @ Mon, 29 Aug 2022 22:28:26: #1 finished! 
INFO  @ Mon, 29 Aug 2022 22:28:26: #2 Build Peak Model... 
INFO  @ Mon, 29 Aug 2022 22:28:26: #2 Skipped... 
INFO  @ Mon, 29 Aug 2022 22:28:26: #2 Use 200 as fragment length 
INFO  @ Mon, 29 Aug 2022 22:28:26: #2 Sequencing ends will be shifted towards 5' by 80 bp(s) 
INFO  @ Mon, 29 Aug 2022 22:28:26: #3 Call peaks... 
INFO  @ Mon, 29 Aug 2022 22:28:26: #3 Pre-compute pvalue-qvalue table... 
INFO  @ Mon, 29 Aug 2022 22:38:45: #3 Call peaks for each chromosome... 
INFO  @ Mon, 29 Aug 2022 22:42:38: #4 Write output xls file... /fs/project/PES0738/maxATAC_outputs/20220810_snakemake_test_run/outputs/SRX10475733/peaks/SRX10475733_ext200_q05_peaks.xls 
INFO  @ Mon, 29 Aug 2022 22:42:38: #4 Write peak in narrowPeak format file... /fs/project/PES0738/maxATAC_outputs/20220810_snakemake_test_run/outputs/SRX10475733/peaks/SRX10475733_ext200_q05_peaks.narrowPeak 
INFO  @ Mon, 29 Aug 2022 22:42:39: #4 Write summits bed file... /fs/project/PES0738/maxATAC_outputs/20220810_snakemake_test_run/outputs/SRX10475733/peaks/SRX10475733_ext200_q05_summits.bed 
INFO  @ Mon, 29 Aug 2022 22:42:39: Done! 
[Mon Aug 29 22:42:40 2022]
Finished job 0.
1 of 1 steps (100%) done
