Config file ./inputs/config.yaml is extended by additional config specified via the command line.
Building DAG of jobs...
Your conda installation is not configured to use strict channel priorities. This is however crucial for having robust and correct environments (for details, see https://conda-forge.org/docs/user/tipsandtricks.html). Please consider to configure strict priorities by executing 'conda config --set channel_priority strict'.
Using shell: /usr/bin/bash
Provided cores: 12
Rules claiming more threads will be scaled down.
Provided resources: mem_mb=64000, disk_mb=14940
Select jobs to execute...

[Mon Aug 29 21:24:52 2022]
Job 0: Calulating fragment size distribution with DeepTools
Reason: Forced execution


        bamPEFragmentSize -b /fs/project/PES0738/maxATAC_outputs/20220810_snakemake_test_run/outputs/SRX10475734/alignments/SRX10475734.bam -p 4 --binSize 1 --blackListFileName /fs/project/PES0738/maxATAC_inputs/genome_inf/hg38_maxatac_blacklist.bed --outRawFragmentLengths /fs/project/PES0738/maxATAC_outputs/20220810_snakemake_test_run/outputs/SRX10475734/qc/fragment_dist/SRX10475734.tsv
        
Activating conda environment: .snakemake/conda/65aa15a576f02291627916f795ced62d


BAM file : /fs/project/PES0738/maxATAC_outputs/20220810_snakemake_test_run/outputs/SRX10475734/alignments/SRX10475734.bam
Sample size: 8728

Fragment lengths:
Min.: 27.0
1st Qu.: 122.0
Mean: 285.4686067827681
Median: 228.0
3rd Qu.: 398.0
Max.: 1356.0
Std: 206.89590080900464
MAD: 130.0
Len. 10%: 65.0
Len. 20%: 98.0
Len. 30%: 160.0
Len. 40%: 202.0
Len. 60%: 270.0
Len. 70%: 358.0
Len. 80%: 437.0
Len. 90%: 594.0
Len. 99%: 919.0


Read lengths:
Sample size: 8728

Min.: 24.0
1st Qu.: 97.0
Mean: 91.7813932172319
Median: 98.0
3rd Qu.: 99.0
Max.: 99.0
Std: 15.394189932194493
MAD: 1.0
Len. 10%: 65.0
Len. 20%: 95.0
Len. 30%: 98.0
Len. 40%: 98.0
Len. 60%: 99.0
Len. 70%: 99.0
Len. 80%: 99.0
Len. 90%: 99.0
Len. 99%: 99.0

[Mon Aug 29 21:25:16 2022]
Finished job 0.
1 of 1 steps (100%) done
