Config file ./inputs/config.yaml is extended by additional config specified via the command line.
Building DAG of jobs...
Your conda installation is not configured to use strict channel priorities. This is however crucial for having robust and correct environments (for details, see https://conda-forge.org/docs/user/tipsandtricks.html). Please consider to configure strict priorities by executing 'conda config --set channel_priority strict'.
Using shell: /usr/bin/bash
Provided cores: 12
Rules claiming more threads will be scaled down.
Provided resources: mem_mb=64000, disk_mb=13533
Select jobs to execute...

[Mon Aug 29 20:57:05 2022]
Job 0: Calulating fragment size distribution with DeepTools
Reason: Forced execution


        bamPEFragmentSize -b /fs/project/PES0738/maxATAC_outputs/20220810_snakemake_test_run/outputs/SRX10476525/alignments/SRX10476525.bam -p 4 --binSize 1 --blackListFileName /fs/project/PES0738/maxATAC_inputs/genome_inf/hg38_maxatac_blacklist.bed --outRawFragmentLengths /fs/project/PES0738/maxATAC_outputs/20220810_snakemake_test_run/outputs/SRX10476525/qc/fragment_dist/SRX10476525.tsv
        
Activating conda environment: .snakemake/conda/65aa15a576f02291627916f795ced62d


BAM file : /fs/project/PES0738/maxATAC_outputs/20220810_snakemake_test_run/outputs/SRX10476525/alignments/SRX10476525.bam
Sample size: 7724

Fragment lengths:
Min.: 26.0
1st Qu.: 168.0
Mean: 336.7771879854997
Median: 241.0
3rd Qu.: 451.0
Max.: 1757.0
Std: 260.0417196392569
MAD: 141.0
Len. 10%: 68.0
Len. 20%: 125.0
Len. 30%: 185.0
Len. 40%: 212.0
Len. 60%: 314.0
Len. 70%: 405.0
Len. 80%: 539.0
Len. 90%: 726.0
Len. 99%: 1147.7699999999995


Read lengths:
Sample size: 7724

Min.: 20.0
1st Qu.: 97.0
Mean: 92.6009839461419
Median: 99.0
3rd Qu.: 99.0
Max.: 99.0
Std: 14.938533793023122
MAD: 0.0
Len. 10%: 68.0
Len. 20%: 97.0
Len. 30%: 98.0
Len. 40%: 98.0
Len. 60%: 99.0
Len. 70%: 99.0
Len. 80%: 99.0
Len. 90%: 99.0
Len. 99%: 99.0

[Mon Aug 29 20:57:39 2022]
Finished job 0.
1 of 1 steps (100%) done
