Config file ./inputs/config.yaml is extended by additional config specified via the command line.
Building DAG of jobs...
Your conda installation is not configured to use strict channel priorities. This is however crucial for having robust and correct environments (for details, see https://conda-forge.org/docs/user/tipsandtricks.html). Please consider to configure strict priorities by executing 'conda config --set channel_priority strict'.
Using shell: /usr/bin/bash
Provided cores: 12
Rules claiming more threads will be scaled down.
Provided resources: mem_mb=64000, disk_mb=5431
Select jobs to execute...

[Mon Aug 29 16:32:52 2022]
Job 0: Calulating fragment size distribution with DeepTools
Reason: Forced execution


        bamPEFragmentSize -b /fs/project/PES0738/maxATAC_outputs/20220810_snakemake_test_run/outputs/SRX10475678/alignments/SRX10475678.bam -p 4 --binSize 1 --blackListFileName /fs/project/PES0738/maxATAC_inputs/genome_inf/hg38_maxatac_blacklist.bed --outRawFragmentLengths /fs/project/PES0738/maxATAC_outputs/20220810_snakemake_test_run/outputs/SRX10475678/qc/fragment_dist/SRX10475678.tsv
        
Activating conda environment: .snakemake/conda/65aa15a576f02291627916f795ced62d


BAM file : /fs/project/PES0738/maxATAC_outputs/20220810_snakemake_test_run/outputs/SRX10475678/alignments/SRX10475678.bam
Sample size: 2644

Fragment lengths:
Min.: 29.0
1st Qu.: 177.75
Mean: 287.88161875945536
Median: 241.0
3rd Qu.: 394.0
Max.: 857.0
Std: 167.8113111121173
MAD: 102.0
Len. 10%: 82.30000000000001
Len. 20%: 161.0
Len. 30%: 192.0
Len. 40%: 215.0
Len. 60%: 287.79999999999995
Len. 70%: 364.0
Len. 80%: 422.0
Len. 90%: 534.0
Len. 99%: 758.9900000000011


Read lengths:
Sample size: 2644

Min.: 24.0
1st Qu.: 99.0
Mean: 94.14409984871406
Median: 100.0
3rd Qu.: 101.0
Max.: 101.0
Std: 15.678768731635335
MAD: 1.0
Len. 10%: 66.0
Len. 20%: 98.0
Len. 30%: 100.0
Len. 40%: 100.0
Len. 60%: 101.0
Len. 70%: 101.0
Len. 80%: 101.0
Len. 90%: 101.0
Len. 99%: 101.0

[Mon Aug 29 16:33:15 2022]
Finished job 0.
1 of 1 steps (100%) done
