Config file ./inputs/config.yaml is extended by additional config specified via the command line.
Building DAG of jobs...
Your conda installation is not configured to use strict channel priorities. This is however crucial for having robust and correct environments (for details, see https://conda-forge.org/docs/user/tipsandtricks.html). Please consider to configure strict priorities by executing 'conda config --set channel_priority strict'.
Using shell: /usr/bin/bash
Provided cores: 12
Rules claiming more threads will be scaled down.
Provided resources: mem_mb=64000, disk_mb=5095
Select jobs to execute...

[Mon Aug 29 16:29:50 2022]
Job 0: Calulating fragment size distribution with DeepTools
Reason: Forced execution


        bamPEFragmentSize -b /fs/project/PES0738/maxATAC_outputs/20220810_snakemake_test_run/outputs/SRX10475331/alignments/SRX10475331.bam -p 4 --binSize 1 --blackListFileName /fs/project/PES0738/maxATAC_inputs/genome_inf/hg38_maxatac_blacklist.bed --outRawFragmentLengths /fs/project/PES0738/maxATAC_outputs/20220810_snakemake_test_run/outputs/SRX10475331/qc/fragment_dist/SRX10475331.tsv
        
Activating conda environment: .snakemake/conda/65aa15a576f02291627916f795ced62d


BAM file : /fs/project/PES0738/maxATAC_outputs/20220810_snakemake_test_run/outputs/SRX10475331/alignments/SRX10475331.bam
Sample size: 2491

Fragment lengths:
Min.: 33.0
1st Qu.: 132.0
Mean: 258.298675230831
Median: 219.0
3rd Qu.: 362.0
Max.: 844.0
Std: 164.8664603043662
MAD: 109.0
Len. 10%: 72.0
Len. 20%: 107.0
Len. 30%: 159.0
Len. 40%: 193.0
Len. 60%: 254.0
Len. 70%: 320.0
Len. 80%: 395.0
Len. 90%: 490.0
Len. 99%: 735.1999999999998


Read lengths:
Sample size: 2491

Min.: 21.0
1st Qu.: 98.0
Mean: 92.75270975511843
Median: 100.0
3rd Qu.: 101.0
Max.: 101.0
Std: 16.185021017684704
MAD: 1.0
Len. 10%: 63.0
Len. 20%: 90.0
Len. 30%: 99.0
Len. 40%: 100.0
Len. 60%: 101.0
Len. 70%: 101.0
Len. 80%: 101.0
Len. 90%: 101.0
Len. 99%: 101.0

[Mon Aug 29 16:30:18 2022]
Finished job 0.
1 of 1 steps (100%) done
