Config file ./inputs/config.yaml is extended by additional config specified via the command line.
Building DAG of jobs...
Your conda installation is not configured to use strict channel priorities. This is however crucial for having robust and correct environments (for details, see https://conda-forge.org/docs/user/tipsandtricks.html). Please consider to configure strict priorities by executing 'conda config --set channel_priority strict'.
Using shell: /usr/bin/bash
Provided cores: 12
Rules claiming more threads will be scaled down.
Provided resources: mem_mb=64000, disk_mb=1000
Select jobs to execute...

[Mon Aug 29 16:08:37 2022]
Job 0: Calulating fragment size distribution with DeepTools
Reason: Forced execution


        bamPEFragmentSize -b /fs/project/PES0738/maxATAC_outputs/20220810_snakemake_test_run/outputs/SRX9633377/alignments/SRX9633377.bam -p 4 --binSize 1 --blackListFileName /fs/project/PES0738/maxATAC_inputs/genome_inf/hg38_maxatac_blacklist.bed --outRawFragmentLengths /fs/project/PES0738/maxATAC_outputs/20220810_snakemake_test_run/outputs/SRX9633377/qc/fragment_dist/SRX9633377.tsv
        
Activating conda environment: .snakemake/conda/65aa15a576f02291627916f795ced62d


BAM file : /fs/project/PES0738/maxATAC_outputs/20220810_snakemake_test_run/outputs/SRX9633377/alignments/SRX9633377.bam
Sample size: 1352

Fragment lengths:
Min.: 37.0
1st Qu.: 158.0
Mean: 290.88461538461536
Median: 234.0
3rd Qu.: 409.0
Max.: 1633.0
Std: 194.9397228943608
MAD: 130.5
Len. 10%: 73.1
Len. 20%: 122.0
Len. 30%: 180.0
Len. 40%: 207.0
Len. 60%: 275.20000000000005
Len. 70%: 381.0
Len. 80%: 441.0
Len. 90%: 586.0
Len. 99%: 825.96


Read lengths:
Sample size: 1352

Min.: 27.0
1st Qu.: 32.0
Mean: 32.49260355029586
Median: 33.0
3rd Qu.: 33.0
Max.: 33.0
Std: 0.8820724468021398
MAD: 0.0
Len. 10%: 31.0
Len. 20%: 32.0
Len. 30%: 32.0
Len. 40%: 33.0
Len. 60%: 33.0
Len. 70%: 33.0
Len. 80%: 33.0
Len. 90%: 33.0
Len. 99%: 33.0

[Mon Aug 29 16:10:21 2022]
Finished job 0.
1 of 1 steps (100%) done
