Config file ./inputs/config.yaml is extended by additional config specified via the command line.
Building DAG of jobs...
Your conda installation is not configured to use strict channel priorities. This is however crucial for having robust and correct environments (for details, see https://conda-forge.org/docs/user/tipsandtricks.html). Please consider to configure strict priorities by executing 'conda config --set channel_priority strict'.
Using shell: /usr/bin/bash
Provided cores: 12
Rules claiming more threads will be scaled down.
Provided resources: mem_mb=64000, disk_mb=12798
Select jobs to execute...

[Mon Aug 29 20:39:28 2022]
Job 0: Calulating fragment size distribution with DeepTools
Reason: Forced execution


        bamPEFragmentSize -b /fs/project/PES0738/maxATAC_outputs/20220810_snakemake_test_run/outputs/SRX10476526/alignments/SRX10476526.bam -p 4 --binSize 1 --blackListFileName /fs/project/PES0738/maxATAC_inputs/genome_inf/hg38_maxatac_blacklist.bed --outRawFragmentLengths /fs/project/PES0738/maxATAC_outputs/20220810_snakemake_test_run/outputs/SRX10476526/qc/fragment_dist/SRX10476526.tsv
        
Activating conda environment: .snakemake/conda/65aa15a576f02291627916f795ced62d


BAM file : /fs/project/PES0738/maxATAC_outputs/20220810_snakemake_test_run/outputs/SRX10476526/alignments/SRX10476526.bam
Sample size: 7215

Fragment lengths:
Min.: 23.0
1st Qu.: 168.0
Mean: 332.5172557172557
Median: 239.0
3rd Qu.: 442.0
Max.: 1901.0
Std: 253.3657076010333
MAD: 139.0
Len. 10%: 72.0
Len. 20%: 128.0
Len. 30%: 186.0
Len. 40%: 213.0
Len. 60%: 309.39999999999964
Len. 70%: 402.0
Len. 80%: 520.0
Len. 90%: 705.0
Len. 99%: 1121.7199999999993


Read lengths:
Sample size: 7215

Min.: 20.0
1st Qu.: 97.0
Mean: 92.96881496881497
Median: 99.0
3rd Qu.: 99.0
Max.: 99.0
Std: 14.226822993813306
MAD: 0.0
Len. 10%: 71.0
Len. 20%: 97.0
Len. 30%: 98.0
Len. 40%: 98.0
Len. 60%: 99.0
Len. 70%: 99.0
Len. 80%: 99.0
Len. 90%: 99.0
Len. 99%: 99.0

[Mon Aug 29 20:40:00 2022]
Finished job 0.
1 of 1 steps (100%) done
