Config file ./inputs/config.yaml is extended by additional config specified via the command line.
Building DAG of jobs...
Your conda installation is not configured to use strict channel priorities. This is however crucial for having robust and correct environments (for details, see https://conda-forge.org/docs/user/tipsandtricks.html). Please consider to configure strict priorities by executing 'conda config --set channel_priority strict'.
Using shell: /usr/bin/bash
Provided cores: 12
Rules claiming more threads will be scaled down.
Provided resources: mem_mb=64000, disk_mb=4980
Select jobs to execute...

[Mon Aug 29 16:27:18 2022]
Job 0: Calulating fragment size distribution with DeepTools
Reason: Forced execution


        bamPEFragmentSize -b /fs/project/PES0738/maxATAC_outputs/20220810_snakemake_test_run/outputs/SRX10475330/alignments/SRX10475330.bam -p 4 --binSize 1 --blackListFileName /fs/project/PES0738/maxATAC_inputs/genome_inf/hg38_maxatac_blacklist.bed --outRawFragmentLengths /fs/project/PES0738/maxATAC_outputs/20220810_snakemake_test_run/outputs/SRX10475330/qc/fragment_dist/SRX10475330.tsv
        
Activating conda environment: .snakemake/conda/65aa15a576f02291627916f795ced62d


BAM file : /fs/project/PES0738/maxATAC_outputs/20220810_snakemake_test_run/outputs/SRX10475330/alignments/SRX10475330.bam
Sample size: 2584

Fragment lengths:
Min.: 26.0
1st Qu.: 163.75
Mean: 275.39434984520125
Median: 231.0
3rd Qu.: 382.0
Max.: 958.0
Std: 168.08101158115352
MAD: 108.0
Len. 10%: 77.0
Len. 20%: 134.0
Len. 30%: 179.0
Len. 40%: 206.0
Len. 60%: 272.0
Len. 70%: 348.0
Len. 80%: 411.0
Len. 90%: 524.0
Len. 99%: 734.1700000000001


Read lengths:
Sample size: 2584

Min.: 20.0
1st Qu.: 99.0
Mean: 93.61029411764706
Median: 100.0
3rd Qu.: 101.0
Max.: 101.0
Std: 15.74391825888959
MAD: 1.0
Len. 10%: 68.0
Len. 20%: 95.0
Len. 30%: 99.0
Len. 40%: 100.0
Len. 60%: 101.0
Len. 70%: 101.0
Len. 80%: 101.0
Len. 90%: 101.0
Len. 99%: 101.0

[Mon Aug 29 16:27:46 2022]
Finished job 0.
1 of 1 steps (100%) done
