Config file ./inputs/config.yaml is extended by additional config specified via the command line.
Building DAG of jobs...
Your conda installation is not configured to use strict channel priorities. This is however crucial for having robust and correct environments (for details, see https://conda-forge.org/docs/user/tipsandtricks.html). Please consider to configure strict priorities by executing 'conda config --set channel_priority strict'.
Using shell: /usr/bin/bash
Provided cores: 12
Rules claiming more threads will be scaled down.
Provided resources: mem_mb=64000, disk_mb=14975
Select jobs to execute...

[Mon Aug 29 20:57:08 2022]
Job 0: Calulating fragment size distribution with DeepTools
Reason: Forced execution


        bamPEFragmentSize -b /fs/project/PES0738/maxATAC_outputs/20220810_snakemake_test_run/outputs/SRX10475732/alignments/SRX10475732.bam -p 4 --binSize 1 --blackListFileName /fs/project/PES0738/maxATAC_inputs/genome_inf/hg38_maxatac_blacklist.bed --outRawFragmentLengths /fs/project/PES0738/maxATAC_outputs/20220810_snakemake_test_run/outputs/SRX10475732/qc/fragment_dist/SRX10475732.tsv
        
Activating conda environment: .snakemake/conda/65aa15a576f02291627916f795ced62d


BAM file : /fs/project/PES0738/maxATAC_outputs/20220810_snakemake_test_run/outputs/SRX10475732/alignments/SRX10475732.bam
Sample size: 8448

Fragment lengths:
Min.: 26.0
1st Qu.: 121.0
Mean: 283.2534327651515
Median: 224.0
3rd Qu.: 393.0
Max.: 1285.0
Std: 207.72579001000457
MAD: 128.0
Len. 10%: 65.0
Len. 20%: 97.0
Len. 30%: 156.0
Len. 40%: 196.0
Len. 60%: 264.0
Len. 70%: 353.0
Len. 80%: 433.0
Len. 90%: 593.0
Len. 99%: 912.590000000002


Read lengths:
Sample size: 8448

Min.: 26.0
1st Qu.: 97.0
Mean: 91.78705018939394
Median: 98.0
3rd Qu.: 99.0
Max.: 99.0
Std: 15.359393653425586
MAD: 1.0
Len. 10%: 64.0
Len. 20%: 95.0
Len. 30%: 98.0
Len. 40%: 98.0
Len. 60%: 99.0
Len. 70%: 99.0
Len. 80%: 99.0
Len. 90%: 99.0
Len. 99%: 99.0

[Mon Aug 29 20:57:47 2022]
Finished job 0.
1 of 1 steps (100%) done
